INFO:werkzeug:[31m[1mWARNING: This is a development server. Do not use it in a production deployment. Use a production WSGI server instead.[0m
 * Running on http://127.0.0.1:5000
INFO:werkzeug:[33mPress CTRL+C to quit[0m
INFO:werkzeug: * Restarting with stat
WARNING:werkzeug: * Debugger is active!
INFO:werkzeug: * Debugger PIN: 152-982-351
INFO:root:[GET] /api/auth/status | 404 | 1.00ms
INFO:werkzeug:127.0.0.1 - - [02/Feb/2026 15:31:31] "[33mGET /api/auth/status HTTP/1.1[0m" 404 -
INFO:root:[GET] /api/auth/status | 404 | 0.00ms
INFO:werkzeug:127.0.0.1 - - [02/Feb/2026 15:32:20] "[33mGET /api/auth/status HTTP/1.1[0m" 404 -
INFO:werkzeug:[31m[1mWARNING: This is a development server. Do not use it in a production deployment. Use a production WSGI server instead.[0m
 * Running on http://127.0.0.1:5000
INFO:werkzeug:[33mPress CTRL+C to quit[0m
INFO:werkzeug: * Restarting with stat
WARNING:werkzeug: * Debugger is active!
INFO:werkzeug: * Debugger PIN: 152-982-351
INFO:root:[GET] /api/auth/nonce | 200 | 39.06ms
INFO:werkzeug:127.0.0.1 - - [02/Feb/2026 15:38:39] "GET /api/auth/nonce?publicAddress=0x123 HTTP/1.1" 200 -
INFO:werkzeug:[31m[1mWARNING: This is a development server. Do not use it in a production deployment. Use a production WSGI server instead.[0m
 * Running on http://127.0.0.1:5000
INFO:werkzeug:[33mPress CTRL+C to quit[0m
INFO:werkzeug: * Restarting with stat
WARNING:werkzeug: * Debugger is active!
INFO:werkzeug: * Debugger PIN: 152-982-351
INFO:werkzeug:[31m[1mWARNING: This is a development server. Do not use it in a production deployment. Use a production WSGI server instead.[0m
 * Running on http://127.0.0.1:5000
INFO:werkzeug:[33mPress CTRL+C to quit[0m
INFO:werkzeug: * Restarting with stat
WARNING:werkzeug: * Debugger is active!
INFO:werkzeug: * Debugger PIN: 152-982-351
INFO:werkzeug: * Detected change in 'C:\\Users\\Istiaque\\Desktop\\thesis\\practical work\\backend layer\\app\\blockchain\\client.py', reloading
INFO:werkzeug: * Restarting with stat
WARNING:werkzeug: * Debugger is active!
INFO:werkzeug: * Debugger PIN: 152-982-351
INFO:werkzeug: * Detected change in 'C:\\Users\\Istiaque\\Desktop\\thesis\\practical work\\backend layer\\app\\routes\\auth_routes.py', reloading
INFO:werkzeug: * Restarting with stat
WARNING:werkzeug: * Debugger is active!
INFO:werkzeug: * Debugger PIN: 152-982-351
INFO:werkzeug: * Detected change in 'C:\\Users\\Istiaque\\Desktop\\thesis\\practical work\\backend layer\\app\\routes\\auth_routes.py', reloading
INFO:werkzeug: * Restarting with stat
WARNING:werkzeug: * Debugger is active!
INFO:werkzeug: * Debugger PIN: 152-982-351
